<?xml version="1.0" encoding="UTF-8"?>
<!-- Generated by org.testng.reporters.JUnitReportReporter -->
<testsuite hostname="LAPTOP-HKUKP4JU" failures="0" tests="1" name="MyPack.ClassM1" time="0.023" errors="0" timestamp="2022-02-09T12:23:32 IST" skipped="0">
  <testcase classname="MyPack.ClassM1" name="methodM1" time="0.023"/>
  <system-out/>
</testsuite> <!-- MyPack.ClassM1 -->
