<?xml version="1.0" encoding="UTF-8"?>
<!-- Generated by org.testng.reporters.JUnitReportReporter -->
<testsuite hostname="LAPTOP-HKUKP4JU" failures="0" tests="2" name="MyPack.ClassM1" time="0.021" errors="0" timestamp="2022-02-09T15:59:34 IST" skipped="0">
  <testcase classname="MyPack.ClassM1" name="methodM3" time="0.004"/>
  <system-out/>
  <testcase classname="MyPack.ClassM1" name="Method1" time="0.017"/>
  <system-out/>
</testsuite> <!-- MyPack.ClassM1 -->
