<?xml version="1.0" encoding="UTF-8"?>
<!-- Generated by org.testng.reporters.JUnitReportReporter -->
<testsuite hostname="LAPTOP-HKUKP4JU" failures="0" tests="2" name="MyPack.ClassM1" time="0.016" errors="0" timestamp="2022-02-09T15:47:57 IST" skipped="0">
  <testcase classname="MyPack.ClassM1" name="methodM2" time="0.002"/>
  <system-out/>
  <testcase classname="MyPack.ClassM1" name="methodM1" time="0.014"/>
  <system-out/>
</testsuite> <!-- MyPack.ClassM1 -->
